TN:
SF:src/api.ts
FN:3,prepareXhr
FN:13,uploadBlock
FN:31,uploadMeta
FN:48,getExtractStatus
FN:68,getExtract
FN:95,getKeyData
FNF:6
FNH:2
FNDA:4,prepareXhr
FNDA:0,uploadBlock
FNDA:0,uploadMeta
FNDA:4,getExtractStatus
FNDA:0,getExtract
FNDA:0,getKeyData
DA:1,2
DA:2,2
DA:3,2
DA:4,4
DA:5,4
DA:6,4
DA:7,4
DA:8,4
DA:9,4
DA:10,4
DA:11,2
DA:12,2
DA:13,2
DA:14,0
DA:15,0
DA:16,0
DA:17,0
DA:18,0
DA:19,0
DA:20,0
DA:21,0
DA:22,0
DA:23,0
DA:24,0
DA:25,0
DA:26,0
DA:27,0
DA:28,0
DA:29,2
DA:30,2
DA:31,2
DA:32,0
DA:33,0
DA:34,0
DA:35,0
DA:36,0
DA:37,0
DA:38,0
DA:39,0
DA:40,0
DA:41,0
DA:42,0
DA:43,0
DA:44,0
DA:45,0
DA:46,0
DA:47,2
DA:48,2
DA:49,4
DA:50,4
DA:51,4
DA:52,4
DA:53,4
DA:54,4
DA:55,4
DA:56,4
DA:57,4
DA:58,4
DA:59,4
DA:60,4
DA:61,4
DA:62,0
DA:63,0
DA:64,0
DA:65,4
DA:66,4
DA:67,2
DA:68,2
DA:69,0
DA:70,0
DA:71,0
DA:72,0
DA:73,0
DA:74,0
DA:75,0
DA:76,0
DA:77,0
DA:78,0
DA:79,0
DA:80,0
DA:81,0
DA:82,0
DA:83,0
DA:84,0
DA:85,0
DA:86,0
DA:87,0
DA:88,0
DA:89,0
DA:90,0
DA:91,0
DA:92,0
DA:93,2
DA:94,2
DA:95,2
DA:96,0
DA:97,0
DA:98,0
DA:99,0
DA:100,0
DA:101,0
DA:102,0
DA:103,0
DA:104,0
DA:105,0
DA:106,0
DA:107,0
DA:108,0
DA:109,0
DA:110,0
DA:111,0
DA:112,0
DA:113,0
DA:114,2
DA:115,2
DA:116,2
DA:117,2
DA:118,2
DA:119,2
LF:119
LH:44
BRDA:3,0,0,4
BRDA:48,1,0,4
BRDA:61,2,0,0
BRF:3
BRH:2
end_of_record
TN:
SF:src/sf-i-uploader.ts
FN:896,SfIUploader
FN:58,SfIUploader.getMax
FN:89,SfIUploader.getAllowedExtensions
FN:97,SfIUploader.selectedValues
FN:500,SfIUploader.clearMessages
FN:507,SfIUploader.setError
FN:514,SfIUploader.setSuccess
FN:521,SfIUploader.uploadProgressUpdater
FN:529,SfIUploader.renderKeyData
FN:582,SfIUploader.chunkify
FN:589,SfIUploader.executeExtract
FN:615,SfIUploader.processExtract
FN:625,SfIUploader.executeAndUpdateExtract
FN:636,SfIUploader.beginUploadJob
FN:688,SfIUploader.clearUploads
FN:692,SfIUploader.populateInputs
FN:839,SfIUploader.processChangeInput
FN:843,SfIUploader.processChangeUploadProgress
FN:849,SfIUploader.initListeners
FN:856,SfIUploader.prepopulateInputs
FN:888,SfIUploader.loadMode
FN:900,firstUpdated
FN:906,connectedCallback
FN:910,render
FNF:24
FNH:21
FNDA:13,SfIUploader
FNDA:2,SfIUploader.getMax
FNDA:2,SfIUploader.getAllowedExtensions
FNDA:6,SfIUploader.selectedValues
FNDA:1,SfIUploader.clearMessages
FNDA:2,SfIUploader.setError
FNDA:1,SfIUploader.setSuccess
FNDA:1,SfIUploader.uploadProgressUpdater
FNDA:2,SfIUploader.renderKeyData
FNDA:1,SfIUploader.chunkify
FNDA:1,SfIUploader.executeExtract
FNDA:0,SfIUploader.processExtract
FNDA:1,SfIUploader.executeAndUpdateExtract
FNDA:0,SfIUploader.beginUploadJob
FNDA:1,SfIUploader.clearUploads
FNDA:20,SfIUploader.populateInputs
FNDA:7,SfIUploader.processChangeInput
FNDA:0,SfIUploader.processChangeUploadProgress
FNDA:11,SfIUploader.initListeners
FNDA:11,SfIUploader.prepopulateInputs
FNDA:11,SfIUploader.loadMode
FNDA:11,firstUpdated
FNDA:11,connectedCallback
FNDA:11,render
DA:1,2
DA:2,2
DA:3,2
DA:4,2
DA:5,2
DA:6,2
DA:7,2
DA:8,2
DA:9,2
DA:10,2
DA:11,2
DA:12,2
DA:13,2
DA:14,2
DA:15,2
DA:16,2
DA:17,2
DA:18,2
DA:19,2
DA:20,2
DA:21,2
DA:22,2
DA:23,2
DA:24,2
DA:25,2
DA:26,2
DA:27,2
DA:28,2
DA:29,2
DA:30,2
DA:31,2
DA:32,2
DA:33,2
DA:34,2
DA:35,2
DA:36,2
DA:37,2
DA:38,2
DA:39,2
DA:40,2
DA:41,2
DA:42,2
DA:43,2
DA:44,2
DA:45,2
DA:46,2
DA:47,2
DA:48,2
DA:49,2
DA:50,2
DA:51,2
DA:52,2
DA:53,2
DA:54,2
DA:55,2
DA:56,2
DA:57,2
DA:58,2
DA:59,2
DA:60,2
DA:61,2
DA:62,2
DA:63,0
DA:64,0
DA:65,2
DA:66,2
DA:67,2
DA:68,2
DA:69,2
DA:70,2
DA:71,2
DA:72,2
DA:73,2
DA:74,2
DA:75,2
DA:76,2
DA:77,2
DA:78,2
DA:79,2
DA:80,2
DA:81,2
DA:82,2
DA:83,2
DA:84,2
DA:85,2
DA:86,2
DA:87,2
DA:88,2
DA:89,2
DA:90,2
DA:91,2
DA:92,2
DA:93,2
DA:94,2
DA:95,2
DA:96,2
DA:97,2
DA:98,6
DA:99,6
DA:100,6
DA:101,5
DA:102,4
DA:103,4
DA:104,1
DA:105,1
DA:106,1
DA:107,1
DA:108,1
DA:109,1
DA:110,1
DA:111,4
DA:112,1
DA:113,1
DA:114,1
DA:115,1
DA:116,1
DA:117,3
DA:118,2
DA:119,2
DA:120,2
DA:121,2
DA:122,2
DA:123,0
DA:124,0
DA:125,0
DA:126,0
DA:127,0
DA:128,4
DA:129,5
DA:130,6
DA:131,6
DA:132,6
DA:133,2
DA:134,2
DA:135,2
DA:136,2
DA:137,2
DA:138,2
DA:139,2
DA:140,2
DA:141,2
DA:142,2
DA:143,2
DA:144,2
DA:145,2
DA:146,2
DA:147,2
DA:148,2
DA:149,2
DA:150,2
DA:151,2
DA:152,2
DA:153,2
DA:154,2
DA:155,2
DA:156,2
DA:157,2
DA:158,2
DA:159,2
DA:160,2
DA:161,2
DA:162,2
DA:163,2
DA:164,2
DA:165,2
DA:166,2
DA:167,2
DA:168,2
DA:169,2
DA:170,2
DA:171,2
DA:172,2
DA:173,2
DA:174,2
DA:175,2
DA:176,2
DA:177,2
DA:178,2
DA:179,2
DA:180,2
DA:181,2
DA:182,2
DA:183,2
DA:184,2
DA:185,2
DA:186,2
DA:187,2
DA:188,2
DA:189,2
DA:190,2
DA:191,2
DA:192,2
DA:193,2
DA:194,2
DA:195,2
DA:196,2
DA:197,2
DA:198,2
DA:199,2
DA:200,2
DA:201,2
DA:202,2
DA:203,2
DA:204,2
DA:205,2
DA:206,2
DA:207,2
DA:208,2
DA:209,2
DA:210,2
DA:211,2
DA:212,2
DA:213,2
DA:214,2
DA:215,2
DA:216,2
DA:217,2
DA:218,2
DA:219,2
DA:220,2
DA:221,2
DA:222,2
DA:223,2
DA:224,2
DA:225,2
DA:226,2
DA:227,2
DA:228,2
DA:229,2
DA:230,2
DA:231,2
DA:232,2
DA:233,2
DA:234,2
DA:235,2
DA:236,2
DA:237,2
DA:238,2
DA:239,2
DA:240,2
DA:241,2
DA:242,2
DA:243,2
DA:244,2
DA:245,2
DA:246,2
DA:247,2
DA:248,2
DA:249,2
DA:250,2
DA:251,2
DA:252,2
DA:253,2
DA:254,2
DA:255,2
DA:256,2
DA:257,2
DA:258,2
DA:259,2
DA:260,2
DA:261,2
DA:262,2
DA:263,2
DA:264,2
DA:265,2
DA:266,2
DA:267,2
DA:268,2
DA:269,2
DA:270,2
DA:271,2
DA:272,2
DA:273,2
DA:274,2
DA:275,2
DA:276,2
DA:277,2
DA:278,2
DA:279,2
DA:280,2
DA:281,2
DA:282,2
DA:283,2
DA:284,2
DA:285,2
DA:286,2
DA:287,2
DA:288,2
DA:289,2
DA:290,2
DA:291,2
DA:292,2
DA:293,2
DA:294,2
DA:295,2
DA:296,2
DA:297,2
DA:298,2
DA:299,2
DA:300,2
DA:301,2
DA:302,2
DA:303,2
DA:304,2
DA:305,2
DA:306,2
DA:307,2
DA:308,2
DA:309,2
DA:310,2
DA:311,2
DA:312,2
DA:313,2
DA:314,2
DA:315,2
DA:316,2
DA:317,2
DA:318,2
DA:319,2
DA:320,2
DA:321,2
DA:322,2
DA:323,2
DA:324,2
DA:325,2
DA:326,2
DA:327,2
DA:328,2
DA:329,2
DA:330,2
DA:331,2
DA:332,2
DA:333,2
DA:334,2
DA:335,2
DA:336,2
DA:337,2
DA:338,2
DA:339,2
DA:340,2
DA:341,2
DA:342,2
DA:343,2
DA:344,2
DA:345,2
DA:346,2
DA:347,2
DA:348,2
DA:349,2
DA:350,2
DA:351,2
DA:352,2
DA:353,2
DA:354,2
DA:355,2
DA:356,2
DA:357,2
DA:358,2
DA:359,2
DA:360,2
DA:361,2
DA:362,2
DA:363,2
DA:364,2
DA:365,2
DA:366,2
DA:367,2
DA:368,2
DA:369,2
DA:370,2
DA:371,2
DA:372,2
DA:373,2
DA:374,2
DA:375,2
DA:376,2
DA:377,2
DA:378,2
DA:379,2
DA:380,2
DA:381,2
DA:382,2
DA:383,2
DA:384,2
DA:385,2
DA:386,2
DA:387,2
DA:388,2
DA:389,2
DA:390,2
DA:391,2
DA:392,2
DA:393,2
DA:394,2
DA:395,2
DA:396,2
DA:397,2
DA:398,2
DA:399,2
DA:400,2
DA:401,2
DA:402,2
DA:403,2
DA:404,2
DA:405,2
DA:406,2
DA:407,2
DA:408,2
DA:409,2
DA:410,2
DA:411,2
DA:412,2
DA:413,2
DA:414,2
DA:415,2
DA:416,2
DA:417,2
DA:418,2
DA:419,2
DA:420,2
DA:421,2
DA:422,2
DA:423,2
DA:424,2
DA:425,2
DA:426,2
DA:427,2
DA:428,2
DA:429,2
DA:430,2
DA:431,2
DA:432,2
DA:433,2
DA:434,2
DA:435,2
DA:436,2
DA:437,2
DA:438,2
DA:439,2
DA:440,2
DA:441,2
DA:442,2
DA:443,2
DA:444,2
DA:445,2
DA:446,2
DA:447,2
DA:448,2
DA:449,2
DA:450,2
DA:451,2
DA:452,2
DA:453,2
DA:454,2
DA:455,2
DA:456,2
DA:457,2
DA:458,2
DA:459,2
DA:460,2
DA:461,2
DA:462,2
DA:463,2
DA:464,2
DA:465,2
DA:466,2
DA:467,2
DA:468,2
DA:469,2
DA:470,2
DA:471,2
DA:472,2
DA:473,2
DA:474,2
DA:475,2
DA:476,2
DA:477,2
DA:478,2
DA:479,2
DA:480,2
DA:481,2
DA:482,2
DA:483,2
DA:484,2
DA:485,2
DA:486,2
DA:487,2
DA:488,2
DA:489,2
DA:490,2
DA:491,2
DA:492,2
DA:493,2
DA:494,2
DA:495,2
DA:496,2
DA:497,2
DA:498,2
DA:499,2
DA:500,2
DA:501,1
DA:502,1
DA:503,1
DA:504,1
DA:505,1
DA:506,2
DA:507,2
DA:508,2
DA:509,2
DA:510,2
DA:511,2
DA:512,2
DA:513,2
DA:514,2
DA:515,1
DA:516,1
DA:517,1
DA:518,1
DA:519,1
DA:520,2
DA:521,2
DA:522,1
DA:523,1
DA:524,1
DA:525,1
DA:526,1
DA:527,1
DA:528,2
DA:529,2
DA:530,2
DA:531,2
DA:532,2
DA:533,2
DA:534,2
DA:535,2
DA:536,2
DA:537,2
DA:538,2
DA:539,2
DA:540,2
DA:541,1
DA:542,1
DA:543,1
DA:544,1
DA:545,1
DA:546,1
DA:547,1
DA:548,1
DA:549,1
DA:550,1
DA:551,1
DA:552,1
DA:553,1
DA:554,1
DA:555,1
DA:556,2
DA:557,2
DA:558,2
DA:559,2
DA:560,2
DA:561,2
DA:562,0
DA:563,0
DA:564,0
DA:565,0
DA:566,2
DA:567,2
DA:568,2
DA:569,0
DA:570,0
DA:571,0
DA:572,0
DA:573,0
DA:574,0
DA:575,0
DA:576,0
DA:577,0
DA:578,2
DA:579,2
DA:580,2
DA:581,2
DA:582,2
DA:583,1
DA:584,1
DA:585,1
DA:586,1
DA:587,1
DA:588,2
DA:589,2
DA:590,1
DA:591,1
DA:592,1
DA:593,1
DA:594,4
DA:595,4
DA:596,4
DA:597,4
DA:598,4
DA:599,1
DA:600,1
DA:601,1
DA:602,0
DA:603,0
DA:604,0
DA:605,0
DA:606,0
DA:607,0
DA:608,0
DA:609,0
DA:610,0
DA:611,0
DA:612,1
DA:613,1
DA:614,2
DA:615,2
DA:616,0
DA:617,0
DA:618,0
DA:619,0
DA:620,0
DA:621,0
DA:622,0
DA:623,0
DA:624,2
DA:625,2
DA:626,1
DA:627,1
DA:628,0
DA:629,0
DA:630,0
DA:631,0
DA:632,0
DA:633,0
DA:634,0
DA:635,2
DA:636,2
DA:637,0
DA:638,0
DA:639,0
DA:640,0
DA:641,0
DA:642,0
DA:643,0
DA:644,0
DA:645,0
DA:646,0
DA:647,0
DA:648,0
DA:649,0
DA:650,0
DA:651,0
DA:652,0
DA:653,0
DA:654,0
DA:655,0
DA:656,0
DA:657,0
DA:658,0
DA:659,0
DA:660,0
DA:661,0
DA:662,0
DA:663,0
DA:664,0
DA:665,0
DA:666,0
DA:667,0
DA:668,0
DA:669,0
DA:670,0
DA:671,0
DA:672,0
DA:673,0
DA:674,0
DA:675,0
DA:676,0
DA:677,0
DA:678,0
DA:679,0
DA:680,0
DA:681,0
DA:682,0
DA:683,0
DA:684,0
DA:685,0
DA:686,0
DA:687,2
DA:688,2
DA:689,1
DA:690,1
DA:691,2
DA:692,2
DA:693,20
DA:694,20
DA:695,20
DA:696,20
DA:697,19
DA:698,19
DA:699,19
DA:700,6
DA:701,6
DA:702,6
DA:703,19
DA:704,2
DA:705,2
DA:706,2
DA:707,2
DA:708,2
DA:709,2
DA:710,2
DA:711,2
DA:712,2
DA:713,2
DA:714,2
DA:715,2
DA:716,2
DA:717,2
DA:718,2
DA:719,2
DA:720,2
DA:721,2
DA:722,2
DA:723,2
DA:724,2
DA:725,2
DA:726,13
DA:727,1
DA:728,1
DA:729,1
DA:730,1
DA:731,1
DA:732,1
DA:733,1
DA:734,1
DA:735,1
DA:736,11
DA:737,7
DA:738,7
DA:739,7
DA:740,7
DA:741,7
DA:742,7
DA:743,7
DA:744,7
DA:745,7
DA:746,10
DA:747,3
DA:748,3
DA:749,3
DA:750,3
DA:751,3
DA:752,3
DA:753,3
DA:754,3
DA:755,3
DA:756,3
DA:757,3
DA:758,3
DA:759,19
DA:760,19
DA:761,1
DA:762,1
DA:763,1
DA:764,1
DA:765,1
DA:766,19
DA:767,19
DA:768,19
DA:769,19
DA:770,20
DA:771,20
DA:772,20
DA:773,20
DA:774,20
DA:775,20
DA:776,20
DA:777,20
DA:778,2
DA:779,2
DA:780,2
DA:781,2
DA:782,2
DA:783,20
DA:784,20
DA:785,20
DA:786,19
DA:787,19
DA:788,1
DA:789,1
DA:790,19
DA:791,19
DA:792,19
DA:793,2
DA:794,2
DA:795,2
DA:796,2
DA:797,2
DA:798,0
DA:799,0
DA:800,0
DA:801,0
DA:802,0
DA:803,0
DA:804,0
DA:805,2
DA:806,2
DA:807,2
DA:808,2
DA:809,1
DA:810,1
DA:811,2
DA:812,2
DA:813,2
DA:814,19
DA:815,19
DA:816,19
DA:817,1
DA:818,1
DA:819,19
DA:820,19
DA:821,19
DA:822,0
DA:823,0
DA:824,0
DA:825,0
DA:826,0
DA:827,0
DA:828,19
DA:829,19
DA:830,19
DA:831,0
DA:832,0
DA:833,19
DA:834,19
DA:835,19
DA:836,20
DA:837,20
DA:838,2
DA:839,2
DA:840,7
DA:841,7
DA:842,2
DA:843,2
DA:844,0
DA:845,0
DA:846,0
DA:847,0
DA:848,2
DA:849,2
DA:850,11
DA:851,11
DA:852,11
DA:853,11
DA:854,11
DA:855,2
DA:856,2
DA:857,11
DA:858,11
DA:859,11
DA:860,11
DA:861,11
DA:862,10
DA:863,10
DA:864,10
DA:865,10
DA:866,10
DA:867,10
DA:868,10
DA:869,3
DA:870,3
DA:871,10
DA:872,2
DA:873,2
DA:874,2
DA:875,10
DA:876,10
DA:877,11
DA:878,1
DA:879,1
DA:880,11
DA:881,10
DA:882,1
DA:883,1
DA:884,10
DA:885,11
DA:886,11
DA:887,2
DA:888,2
DA:889,11
DA:890,11
DA:891,11
DA:892,11
DA:893,11
DA:894,11
DA:895,2
DA:896,2
DA:897,13
DA:898,13
DA:899,2
DA:900,2
DA:901,11
DA:902,11
DA:903,11
DA:904,11
DA:905,2
DA:906,2
DA:907,11
DA:908,11
DA:909,2
DA:910,2
DA:911,11
DA:912,11
DA:913,11
DA:914,11
DA:915,11
DA:916,11
DA:917,11
DA:918,11
DA:919,11
DA:920,11
DA:921,11
DA:922,11
DA:923,11
DA:924,11
DA:925,11
DA:926,11
DA:927,11
DA:928,11
DA:929,11
DA:930,11
DA:931,11
DA:932,11
DA:933,11
DA:934,11
DA:935,11
DA:936,11
DA:937,11
DA:938,11
DA:939,11
DA:940,11
DA:941,11
DA:942,11
DA:943,11
DA:944,2
DA:945,2
DA:946,2
DA:947,2
DA:948,2
DA:949,2
DA:950,2
DA:951,2
LF:951
LH:837
BRDA:896,0,0,13
BRDA:97,1,0,6
BRDA:100,2,0,5
BRDA:103,3,0,1
BRDA:111,4,0,3
BRDA:111,5,0,1
BRDA:117,6,0,2
BRDA:122,7,0,0
BRDA:514,8,0,1
BRDA:521,9,0,1
BRDA:529,10,0,2
BRDA:540,11,0,1
BRDA:540,12,0,1
BRDA:561,13,0,0
BRDA:568,14,0,1
BRDA:568,15,0,1
BRDA:582,16,0,1
BRDA:589,17,0,1
BRDA:593,18,0,4
BRDA:599,19,0,0
BRDA:599,20,0,3
BRDA:601,21,0,0
BRDA:601,22,0,0
BRDA:625,23,0,1
BRDA:628,24,0,0
BRDA:688,25,0,1
BRDA:692,26,0,22
BRDA:696,27,0,21
BRDA:699,28,0,6
BRDA:703,29,0,2
BRDA:720,30,0,0
BRDA:726,31,0,11
BRDA:726,32,0,1
BRDA:736,33,0,10
BRDA:736,34,0,7
BRDA:746,35,0,3
BRDA:753,36,0,0
BRDA:760,37,0,1
BRDA:777,38,0,0
BRDA:785,39,0,19
BRDA:787,40,0,8
BRDA:787,41,0,14
BRDA:792,42,0,6
BRDA:792,43,0,13
BRDA:816,44,0,3
BRDA:816,45,0,5
BRDA:821,46,0,3
BRDA:821,47,0,3
BRDA:830,48,0,9
BRDA:830,49,0,9
BRDA:849,50,0,11
BRDA:856,51,0,11
BRDA:868,52,0,3
BRDA:871,53,0,2
BRDA:877,54,0,1
BRDA:881,55,0,3
BRDA:881,56,0,1
BRDA:888,57,0,11
BRDA:900,58,0,11
BRDA:906,59,0,11
BRDA:910,60,0,11
BRDA:58,61,0,2
BRDA:62,62,0,0
BRDA:89,63,0,2
BRDA:101,64,0,5
BRDA:500,65,0,1
BRDA:507,66,0,2
BRDA:703,67,0,21
BRDA:777,68,0,22
BRDA:787,69,0,14
BRDA:792,70,0,13
BRDA:797,71,0,13
BRDA:808,72,0,13
BRDA:816,73,0,5
BRDA:839,74,0,7
BRDA:861,75,0,11
BRDA:880,76,0,11
BRF:77
BRH:67
end_of_record
TN:
SF:src/util.ts
FN:2,validateName
FN:9,truncate
FN:17,listenForChange
FN:32,newUuidV4
FN:50,readCookie
FN:66,callApi
FN:93,sleep
FNF:7
FNH:4
FNDA:0,validateName
FNDA:0,truncate
FNDA:22,listenForChange
FNDA:0,newUuidV4
FNDA:8,readCookie
FNDA:4,callApi
FNDA:4,sleep
DA:1,2
DA:2,2
DA:3,0
DA:4,0
DA:5,0
DA:6,0
DA:7,0
DA:8,2
DA:9,2
DA:10,0
DA:11,0
DA:12,0
DA:13,0
DA:14,0
DA:15,0
DA:16,2
DA:17,2
DA:18,22
DA:19,22
DA:20,22
DA:21,22
DA:22,1780
DA:23,1780
DA:24,7
DA:25,7
DA:26,7
DA:27,1780
DA:28,22
DA:29,22
DA:30,22
DA:31,2
DA:32,2
DA:33,0
DA:34,0
DA:35,0
DA:36,0
DA:37,0
DA:38,0
DA:39,0
DA:40,0
DA:41,0
DA:42,0
DA:43,0
DA:44,0
DA:45,0
DA:46,0
DA:47,0
DA:48,0
DA:49,2
DA:50,8
DA:51,8
DA:52,8
DA:53,8
DA:54,8
DA:55,8
DA:56,8
DA:57,0
DA:58,0
DA:59,8
DA:60,0
DA:61,0
DA:62,8
DA:63,8
DA:64,8
DA:65,2
DA:66,4
DA:67,4
DA:68,4
DA:69,4
DA:70,4
DA:71,4
DA:72,4
DA:73,16
DA:74,16
DA:75,4
DA:76,4
DA:77,16
DA:78,4
DA:79,4
DA:80,4
DA:81,4
DA:82,4
DA:83,4
DA:84,4
DA:85,4
DA:86,4
DA:87,4
DA:88,4
DA:89,4
DA:90,4
DA:91,4
DA:92,2
DA:93,4
DA:94,4
DA:95,4
DA:96,4
DA:97,4
DA:98,2
DA:99,2
DA:100,2
DA:101,2
DA:102,2
DA:103,2
LF:103
LH:72
BRDA:17,0,0,22
BRDA:21,1,0,1780
BRDA:23,2,0,7
BRDA:50,3,0,8
BRDA:56,4,0,0
BRDA:59,5,0,0
BRDA:66,6,0,4
BRDA:68,7,0,4
BRDA:72,8,0,16
BRDA:74,9,0,4
BRDA:93,10,0,4
BRDA:94,11,0,4
BRF:12
BRH:10
end_of_record
